<?xml version="1.0" encoding="UTF-8"?>
<assessmentItem version="2.0" xmlns:dc="http://purl.org/dc/elements/1.1/" xmlns:dcterms="http://purl.org/dc/terms/" xmlns:lom="http://www.imsglobal.org/xsd/imsmd_v1p2"><questionCasValues><questionStem type="CasText"><castext>&lt;img src="http://chart.apis.google.com/chart?cht=v&amp;chs=200x100&amp;chd=t:@a@,@b@,0,@anb@,0,0&amp;chdl=A|B"&gt;&#13;
&lt;br/&gt;&#13;
The size of $A=@a@$, the size of $A \cup B=@aub@$ and the size of $A \cap B = @anb@$.&#13;
&lt;br/&gt;&#13;
What is the size of $B$?&#13;
&lt;br /&gt;&#13;
#ans# &lt;IEfeedback&gt;ans&lt;/IEfeedback&gt;</castext><forbidFloats>false</forbidFloats><simplify>true</simplify></questionStem><questionVariables type="RawKeyVal"><rawKeyVals>a = 30 + rand(20); b = 40 + rand(50); anb = 5 + rand(20); aub = a+b-anb</rawKeyVals><forbidFloats>false</forbidFloats><simplify>true</simplify></questionVariables><workedSolution type="CasText"><castext></castext><forbidFloats>false</forbidFloats><simplify>true</simplify></workedSolution><questionNote type="CasText"><castext>a = @a@, b = @b@</castext><forbidFloats>false</forbidFloats><simplify>true</simplify></questionNote></questionCasValues><questionparts><questionpart><name>ans</name><inputType type="Meta"><selection>Algebraic Input</selection><default>Algebraic Input</default><values/></inputType><boxsize>20</boxsize><teachersAns type="CasString"><casString>b</casString><forbidFloats>false</forbidFloats><simplify>true</simplify></teachersAns><studentAnsKey>ans</studentAnsKey><syntax type="Meta"><selection></selection><default></default><values/></syntax><stackoption><name>formalSyntax</name><type>list</type><default>true</default><values><value>true</value><value>false</value></values><casKey></casKey><casType></casType><selected>true</selected></stackoption><stackoption><name>forbidFloats</name><type>list</type><default>true</default><values><value>true</value><value>false</value></values><casKey>OPT_NoFloats</casKey><casType>ex</casType><selected>true</selected></stackoption><stackoption><name>insertStars</name><type>list</type><default>false</default><values><value>true</value><value>false</value></values><casKey></casKey><casType></casType><selected>false</selected></stackoption><stackoption><name>sameType</name><type>list</type><default>true</default><values><value>true</value><value>false</value></values><casKey></casKey><casType></casType><selected>true</selected></stackoption><stackoption><name>lowestTerms</name><type>list</type><default>true</default><values><value>true</value><value>false</value></values><casKey>OPT_LowestTerms</casKey><casType>ex</casType><selected>true</selected></stackoption><inputTypesParameters/></questionpart></questionparts><PotentialResponseTrees/><MetaData><dc:Publisher stackname="lastUserEditor" type="Meta"><selection>2</selection><default></default><values/></dc:Publisher><dc:language stackname="language" type="Meta"><selection>en</selection><default>en</default><values><value key="en">en</value><value key="fr">fr</value><value key="nl">nl</value><value key="es">es</value><value key="unspecified">Unspecified</value></values></dc:language><dc:title stackname="questionName" type="Meta"><selection>test-venn</selection><default></default><values/></dc:title><dc:description stackname="questionDescription" type="Meta"><selection>Demonstrates embedding question variables inside img tags to access third-party graphics api.</selection><default></default><values/></dc:description><dc:publisher stackname="questionPublisher" type="Meta"><selection>http://localhost/stack-dev</selection><default>http://localhost/stack-dev</default><values/></dc:publisher><dc:format stackname="questionFormat" type="Meta"><selection>text/xml; charset="utf-8"</selection><default>text/xml; charset="utf-8"</default><values><value key="0">application</value><value key="1">audio</value><value key="2">image</value><value key="3">message</value><value key="4">model</value><value key="5">text</value><value key="6">video</value><value key="7">multipart</value></values></dc:format><lom:context stackname="questionLearningContext" type="Meta"><selection>unspecified</selection><default>unspecified</default><values><value key="PrimaryEducation">Primary Education</value><value key="SecondaryEducation">Secondary Education</value><value key="HigherEducation">Higher Education</value><value key="UniversityFirstCycle">University First Cycle</value><value key="UniversitySecondCycle">University Second Cycle</value><value key="UniversityPostGrade">University Post Grade</value><value key="TechnicalSchoolFirstCycle">Technical School First Cycle</value><value key="TechnicalSchoolSecondCycle">Technical School Second Cycle</value><value key="ProfessionalFormation">Professional Formation</value><value key="ContinuousFormation">Continuous Formation</value><value key="VocationalTraining">Vocational Training</value><value key="unspecified">Unspecified</value></values></lom:context><lom:difficulty stackname="questionDifficulty" type="Meta"><selection>unspecified</selection><default>unspecified</default><values><value key="VeryEasy">Very Easy</value><value key="Easy">Easy</value><value key="Medium">Medium</value><value key="Difficult">Difficult</value><value key="VeryDifficult">Very Difficult</value><value key="unspecified">Unspecified</value></values></lom:difficulty><questionCompetency type="Meta"><selection>unspecified</selection><default>unspecified</default><values><value key="Think">Think</value><value key="Argue">Argue</value><value key="Solve">Solve</value><value key="Represent">Represent</value><value key="Language">Language</value><value key="Communicate">Communicate</value><value key="Tools">Tools</value><value key="unspecified">Unspecified</value></values></questionCompetency><questionCompentencyLevel type="Meta"><selection>unspecified</selection><default>unspecified</default><values><value key="Elementary">Elementary</value><value key="SimpleConceptual">Simple conceptual</value><value key="Multi-step">Multi-step</value><value key="Complex">Complex</value><value key="unspecified">Unspecified</value></values></questionCompentencyLevel><lom:typicallearningtime stackname="questionTimeAllocated" type="Meta"><selection>00:00:00</selection><default>00:00:00</default><values/></lom:typicallearningtime><dc:rights stackname="questionRights" type="Meta"><selection>http://www.gnu.org/copyleft/gpl.html</selection><default>http://www.gnu.org/copyleft/gpl.html</default><values/></dc:rights><questionExerciseType type="Meta"><selection>AlgebraicExpression</selection><default>AlgebraicExpression</default><values><value key="AlgebraicExpression">Algebraic Expression</value><value key="MCQSingleAnswer">MCQ Single Answer</value><value key="MCQMultpleAnswer">MCQ Multiple Answer</value><value key="FillInBlank">Fill in blank</value><value key="Unspecified">Unspecified</value></values></questionExerciseType><dc:date stackname="questionDateLastEdited" type="Meta"><selection>2010-11-30 13:25:46</selection><default>2010-11-30 13:24:20</default><values/></dc:date><lom:status stackname="questionStatus" type="Meta"><selection>Draft</selection><default>Draft</default><values><value key="Draft">Draft</value><value key="Deployed">Deployed</value><value key="Buggy">Buggy</value></values></lom:status><published type="Meta"><selection>Unpublished</selection><default>Unpublished</default><values><value key="Unpublished">Unpublished</value><value key="Published">Published</value><value key="Private">Private</value></values></published><lom:keyword stackname="keywords" type="Meta"><selection>demo, sets, test, venn, size</selection><default>demo, sets, test, venn, size</default><values/></lom:keyword></MetaData><ItemOptions><stackoption><name>Display</name><type>list</type><default>LaTeX</default><values><value>LaTeX</value><value>MathML</value></values><casKey>OPT_OUTPUT</casKey><casType>string</casType><selected>LaTeX</selected></stackoption><stackoption><name>MultiplicationSign</name><type>list</type><default>dot</default><values><value>(none)</value><value>dot</value><value>cross</value></values><casKey>make_multsgn</casKey><casType>fun</casType><selected>dot</selected></stackoption><stackoption><name>ComplexNo</name><type>list</type><default>i</default><values><value>i</value><value>j</value><value>symi</value><value>symj</value></values><casKey>make_complexJ</casKey><casType>fun</casType><selected>i</selected></stackoption><stackoption><name>Floats</name><type>list</type><default>true</default><values><value>true</value><value>false</value></values><casKey>OPT_NoFloats</casKey><casType>ex</casType><selected>true</selected></stackoption><stackoption><name>SqrtSign</name><type>list</type><default>true</default><values><value>true</value><value>false</value></values><casKey>sqrtdispflag</casKey><casType>ex</casType><selected>true</selected></stackoption><stackoption><name>Simplify</name><type>list</type><default>true</default><values><value>true</value><value>false</value></values><casKey>simp</casKey><casType>ex</casType><selected>true</selected></stackoption><stackoption><name>MarkModMethod</name><type>list</type><default>Penalty</default><values><value>Penalty</value><value>First Answer</value><value>Last Answer</value></values><casKey></casKey><casType></casType><selected>Penalty</selected></stackoption><stackoption><name>AssumePos</name><type>list</type><default>false</default><values><value>true</value><value>false</value></values><casKey>assume_pos</casKey><casType>ex</casType><selected>false</selected></stackoption><stackoption><name>TeacherEmail</name><type>string</type><default>                                    </default><casKey></casKey><casType></casType><selected></selected></stackoption><stackoption><name>Feedback</name><type>list</type><default>TGS</default><values><value>TGS</value><value>TG</value><value>GS</value><value>T</value><value>G</value><value>S</value><value>none</value></values><casKey></casKey><casType></casType><selected>TGS</selected></stackoption><stackoption><name>FeedbackGenericCorrect</name><type>html</type><default>&lt;span class='correct'&gt;Correct answer, well done.&lt;/span&gt;</default><casKey></casKey><casType></casType><selected>&lt;span class='correct'&gt;Correct answer, well done.&lt;/span&gt;</selected></stackoption><stackoption><name>FeedbackGenericIncorrect</name><type>html</type><default>&lt;span class='incorrect'&gt;Incorrect answer.&lt;/span&gt;</default><casKey></casKey><casType></casType><selected>&lt;span class='incorrect'&gt;Incorrect answer.&lt;/span&gt;</selected></stackoption><stackoption><name>FeedbackGenericPCorrect</name><type>html</type><default>&lt;span class='partially'&gt;Your answer is partially correct.&lt;/span&gt;</default><casKey></casKey><casType></casType><selected>&lt;span class='partially'&gt;Your answer is partially correct.&lt;/span&gt;</selected></stackoption><stackoption><name>OptWorkedSol</name><type>list</type><default>true</default><values><value>true</value><value>false</value></values><casKey></casKey><casType></casType><selected>true</selected></stackoption></ItemOptions><ItemTests/></assessmentItem>
